{"/home/jk97/projs/s1/update_projs/learn-react/volcan-app/api-rest-volcan-app/src/server.ts": {"path":"/home/jk97/projs/s1/update_projs/learn-react/volcan-app/api-rest-volcan-app/src/server.ts","statementMap":{"0":{"start":{"line":8,"column":15},"end":{"line":8,"column":24}},"1":{"start":{"line":10,"column":33},"end":{"line":18,"column":2}},"2":{"start":{"line":12,"column":8},"end":{"line":16,"column":9}},"3":{"start":{"line":13,"column":12},"end":{"line":13,"column":33}},"4":{"start":{"line":15,"column":12},"end":{"line":15,"column":63}},"5":{"start":{"line":20,"column":0},"end":{"line":20,"column":30}},"6":{"start":{"line":21,"column":0},"end":{"line":21,"column":27}},"7":{"start":{"line":22,"column":0},"end":{"line":22,"column":26}},"8":{"start":{"line":24,"column":0},"end":{"line":24,"column":31}},"9":{"start":{"line":25,"column":0},"end":{"line":25,"column":85}},"10":{"start":{"line":26,"column":0},"end":{"line":26,"column":48}}},"fnMap":{"0":{"name":"(anonymous_0)","decl":{"start":{"line":11,"column":12},"end":{"line":11,"column":13}},"loc":{"start":{"line":11,"column":33},"end":{"line":17,"column":5}}}},"branchMap":{"0":{"loc":{"start":{"line":12,"column":8},"end":{"line":16,"column":9}},"type":"if","locations":[{"start":{"line":12,"column":8},"end":{"line":16,"column":9}},{"start":{"line":14,"column":15},"end":{"line":16,"column":9}}]},"1":{"loc":{"start":{"line":12,"column":12},"end":{"line":12,"column":55}},"type":"binary-expr","locations":[{"start":{"line":12,"column":12},"end":{"line":12,"column":19}},{"start":{"line":12,"column":23},"end":{"line":12,"column":55}}]}},"s":{"0":1,"1":1,"2":2,"3":2,"4":0,"5":1,"6":1,"7":1,"8":1,"9":1,"10":1},"f":{"0":2},"b":{"0":[2,0],"1":[2,0]}}
,"/home/jk97/projs/s1/update_projs/learn-react/volcan-app/api-rest-volcan-app/src/config/db.ts": {"path":"/home/jk97/projs/s1/update_projs/learn-react/volcan-app/api-rest-volcan-app/src/config/db.ts","statementMap":{"0":{"start":{"line":4,"column":0},"end":{"line":4,"column":16}},"1":{"start":{"line":10,"column":69},"end":{"line":10,"column":80}},"2":{"start":{"line":12,"column":8},"end":{"line":14,"column":9}},"3":{"start":{"line":13,"column":12},"end":{"line":13,"column":96}},"4":{"start":{"line":16,"column":8},"end":{"line":47,"column":10}},"5":{"start":{"line":51,"column":8},"end":{"line":66,"column":9}},"6":{"start":{"line":52,"column":12},"end":{"line":52,"column":41}},"7":{"start":{"line":59,"column":12},"end":{"line":59,"column":48}},"8":{"start":{"line":61,"column":12},"end":{"line":61,"column":48}},"9":{"start":{"line":62,"column":12},"end":{"line":62,"column":72}},"10":{"start":{"line":64,"column":12},"end":{"line":64,"column":62}},"11":{"start":{"line":65,"column":12},"end":{"line":65,"column":28}}},"fnMap":{"0":{"name":"(anonymous_0)","decl":{"start":{"line":9,"column":4},"end":{"line":9,"column":null}},"loc":{"start":{"line":9,"column":4},"end":{"line":48,"column":5}}},"1":{"name":"(anonymous_1)","decl":{"start":{"line":50,"column":4},"end":{"line":50,"column":9}},"loc":{"start":{"line":50,"column":17},"end":{"line":67,"column":5}}}},"branchMap":{"0":{"loc":{"start":{"line":12,"column":8},"end":{"line":14,"column":9}},"type":"if","locations":[{"start":{"line":12,"column":8},"end":{"line":14,"column":9}},{"start":{},"end":{}}]},"1":{"loc":{"start":{"line":12,"column":12},"end":{"line":12,"column":61}},"type":"binary-expr","locations":[{"start":{"line":12,"column":12},"end":{"line":12,"column":21}},{"start":{"line":12,"column":25},"end":{"line":12,"column":33}},{"start":{"line":12,"column":37},"end":{"line":12,"column":49}},{"start":{"line":12,"column":53},"end":{"line":12,"column":61}}]},"2":{"loc":{"start":{"line":38,"column":22},"end":{"line":38,"column":45}},"type":"binary-expr","locations":[{"start":{"line":38,"column":22},"end":{"line":38,"column":37}},{"start":{"line":38,"column":41},"end":{"line":38,"column":45}}]}},"s":{"0":1,"1":1,"2":1,"3":0,"4":1,"5":0,"6":0,"7":0,"8":0,"9":0,"10":0,"11":0},"f":{"0":1,"1":0},"b":{"0":[0,1],"1":[1,1,1,1],"2":[1,0]}}
,"/home/jk97/projs/s1/update_projs/learn-react/volcan-app/api-rest-volcan-app/src/config/swagger.ts": {"path":"/home/jk97/projs/s1/update_projs/learn-react/volcan-app/api-rest-volcan-app/src/config/swagger.ts","statementMap":{"0":{"start":{"line":4,"column":38},"end":{"line":20,"column":null}},"1":{"start":{"line":22,"column":20},"end":{"line":22,"column":41}},"2":{"start":{"line":24,"column":49},"end":{"line":26,"column":null}}},"fnMap":{},"branchMap":{},"s":{"0":1,"1":1,"2":1},"f":{},"b":{}}
,"/home/jk97/projs/s1/update_projs/learn-react/volcan-app/api-rest-volcan-app/src/controllers/UserController.ts": {"path":"/home/jk97/projs/s1/update_projs/learn-react/volcan-app/api-rest-volcan-app/src/controllers/UserController.ts","statementMap":{"0":{"start":{"line":7,"column":26},"end":{"line":35,"column":1}},"1":{"start":{"line":8,"column":4},"end":{"line":34,"column":5}},"2":{"start":{"line":9,"column":23},"end":{"line":9,"column":61}},"3":{"start":{"line":10,"column":44},"end":{"line":14,"column":10}},"4":{"start":{"line":16,"column":8},"end":{"line":16,"column":46}},"5":{"start":{"line":19,"column":47},"end":{"line":22,"column":null}},"6":{"start":{"line":24,"column":8},"end":{"line":27,"column":9}},"7":{"start":{"line":25,"column":12},"end":{"line":25,"column":50}},"8":{"start":{"line":26,"column":12},"end":{"line":26,"column":68}},"9":{"start":{"line":29,"column":8},"end":{"line":29,"column":27}},"10":{"start":{"line":31,"column":8},"end":{"line":31,"column":72}},"11":{"start":{"line":32,"column":8},"end":{"line":32,"column":null}}},"fnMap":{"0":{"name":"(anonymous_0)","decl":{"start":{"line":7,"column":26},"end":{"line":7,"column":31}},"loc":{"start":{"line":7,"column":64},"end":{"line":35,"column":1}}}},"branchMap":{"0":{"loc":{"start":{"line":24,"column":8},"end":{"line":27,"column":9}},"type":"if","locations":[{"start":{"line":24,"column":8},"end":{"line":27,"column":9}},{"start":{},"end":{}}]}},"s":{"0":1,"1":1,"2":1,"3":1,"4":1,"5":0,"6":0,"7":0,"8":0,"9":0,"10":0,"11":0},"f":{"0":1},"b":{"0":[0,0]}}
,"/home/jk97/projs/s1/update_projs/learn-react/volcan-app/api-rest-volcan-app/src/errors/AppError.ts": {"path":"/home/jk97/projs/s1/update_projs/learn-react/volcan-app/api-rest-volcan-app/src/errors/AppError.ts","statementMap":{"0":{"start":{"line":5,"column":8},"end":{"line":5,"column":23}},"1":{"start":{"line":6,"column":8},"end":{"line":6,"column":37}},"2":{"start":{"line":12,"column":8},"end":{"line":12,"column":56}}},"fnMap":{"0":{"name":"(anonymous_0)","decl":{"start":{"line":4,"column":4},"end":{"line":4,"column":16}},"loc":{"start":{"line":4,"column":57},"end":{"line":13,"column":5}}}},"branchMap":{"0":{"loc":{"start":{"line":4,"column":33},"end":{"line":4,"column":57}},"type":"default-arg","locations":[{"start":{"line":4,"column":54},"end":{"line":4,"column":57}}]}},"s":{"0":0,"1":0,"2":0},"f":{"0":0},"b":{"0":[0]}}
,"/home/jk97/projs/s1/update_projs/learn-react/volcan-app/api-rest-volcan-app/src/errors/SpecificErrors.ts": {"path":"/home/jk97/projs/s1/update_projs/learn-react/volcan-app/api-rest-volcan-app/src/errors/SpecificErrors.ts","statementMap":{"0":{"start":{"line":5,"column":8},"end":{"line":5,"column":28}},"1":{"start":{"line":11,"column":8},"end":{"line":11,"column":28}},"2":{"start":{"line":17,"column":8},"end":{"line":17,"column":27}}},"fnMap":{"0":{"name":"(anonymous_0)","decl":{"start":{"line":4,"column":4},"end":{"line":4,"column":16}},"loc":{"start":{"line":4,"column":31},"end":{"line":6,"column":5}}},"1":{"name":"(anonymous_1)","decl":{"start":{"line":10,"column":4},"end":{"line":10,"column":16}},"loc":{"start":{"line":10,"column":31},"end":{"line":12,"column":5}}},"2":{"name":"(anonymous_2)","decl":{"start":{"line":16,"column":4},"end":{"line":16,"column":16}},"loc":{"start":{"line":16,"column":30},"end":{"line":18,"column":5}}}},"branchMap":{},"s":{"0":0,"1":0,"2":0},"f":{"0":0,"1":0,"2":0},"b":{}}
,"/home/jk97/projs/s1/update_projs/learn-react/volcan-app/api-rest-volcan-app/src/midleware/handle_input_errors.ts": {"path":"/home/jk97/projs/s1/update_projs/learn-react/volcan-app/api-rest-volcan-app/src/midleware/handle_input_errors.ts","statementMap":{"0":{"start":{"line":5,"column":35},"end":{"line":16,"column":1}},"1":{"start":{"line":6,"column":19},"end":{"line":6,"column":40}},"2":{"start":{"line":7,"column":4},"end":{"line":14,"column":5}},"3":{"start":{"line":8,"column":43},"end":{"line":12,"column":10}},"4":{"start":{"line":13,"column":8},"end":{"line":13,"column":46}},"5":{"start":{"line":15,"column":4},"end":{"line":15,"column":11}}},"fnMap":{"0":{"name":"(anonymous_0)","decl":{"start":{"line":5,"column":35},"end":{"line":5,"column":36}},"loc":{"start":{"line":5,"column":87},"end":{"line":16,"column":1}}}},"branchMap":{"0":{"loc":{"start":{"line":7,"column":4},"end":{"line":14,"column":5}},"type":"if","locations":[{"start":{"line":7,"column":4},"end":{"line":14,"column":5}},{"start":{},"end":{}}]}},"s":{"0":1,"1":2,"2":2,"3":1,"4":1,"5":1},"f":{"0":2},"b":{"0":[1,1]}}
,"/home/jk97/projs/s1/update_projs/learn-react/volcan-app/api-rest-volcan-app/src/models/Users.model.ts": {"path":"/home/jk97/projs/s1/update_projs/learn-react/volcan-app/api-rest-volcan-app/src/models/Users.model.ts","statementMap":{"0":{"start":{"line":30,"column":0},"end":{"line":65,"column":null}}},"fnMap":{},"branchMap":{},"s":{"0":1},"f":{},"b":{}}
,"/home/jk97/projs/s1/update_projs/learn-react/volcan-app/api-rest-volcan-app/src/routes/index.ts": {"path":"/home/jk97/projs/s1/update_projs/learn-react/volcan-app/api-rest-volcan-app/src/routes/index.ts","statementMap":{"0":{"start":{"line":5,"column":19},"end":{"line":5,"column":35}},"1":{"start":{"line":7,"column":0},"end":{"line":7,"column":36}}},"fnMap":{},"branchMap":{},"s":{"0":1,"1":1},"f":{},"b":{}}
,"/home/jk97/projs/s1/update_projs/learn-react/volcan-app/api-rest-volcan-app/src/routes/user.routes.ts": {"path":"/home/jk97/projs/s1/update_projs/learn-react/volcan-app/api-rest-volcan-app/src/routes/user.routes.ts","statementMap":{"0":{"start":{"line":8,"column":15},"end":{"line":8,"column":31}},"1":{"start":{"line":10,"column":0},"end":{"line":11,"column":66}}},"fnMap":{},"branchMap":{},"s":{"0":1,"1":1},"f":{},"b":{}}
,"/home/jk97/projs/s1/update_projs/learn-react/volcan-app/api-rest-volcan-app/src/services/UserService.ts": {"path":"/home/jk97/projs/s1/update_projs/learn-react/volcan-app/api-rest-volcan-app/src/services/UserService.ts","statementMap":{"0":{"start":{"line":8,"column":39},"end":{"line":8,"column":43}},"1":{"start":{"line":9,"column":28},"end":{"line":15,"column":10}},"2":{"start":{"line":17,"column":8},"end":{"line":19,"column":9}},"3":{"start":{"line":18,"column":12},"end":{"line":18,"column":82}},"4":{"start":{"line":21,"column":27},"end":{"line":21,"column":29}},"5":{"start":{"line":22,"column":21},"end":{"line":22,"column":51}},"6":{"start":{"line":23,"column":27},"end":{"line":23,"column":54}},"7":{"start":{"line":25,"column":21},"end":{"line":25,"column":35}},"8":{"start":{"line":26,"column":8},"end":{"line":26,"column":33}},"9":{"start":{"line":28,"column":29},"end":{"line":28,"column":54}},"10":{"start":{"line":29,"column":8},"end":{"line":29,"column":52}},"11":{"start":{"line":31,"column":8},"end":{"line":31,"column":22}}},"fnMap":{"0":{"name":"(anonymous_0)","decl":{"start":{"line":7,"column":4},"end":{"line":7,"column":10}},"loc":{"start":{"line":7,"column":56},"end":{"line":33,"column":5}}}},"branchMap":{"0":{"loc":{"start":{"line":17,"column":8},"end":{"line":19,"column":9}},"type":"if","locations":[{"start":{"line":17,"column":8},"end":{"line":19,"column":9}},{"start":{},"end":{}}]},"1":{"loc":{"start":{"line":29,"column":23},"end":{"line":29,"column":51}},"type":"cond-expr","locations":[{"start":{"line":29,"column":31},"end":{"line":29,"column":36}},{"start":{"line":29,"column":39},"end":{"line":29,"column":51}}]}},"s":{"0":1,"1":1,"2":1,"3":0,"4":1,"5":1,"6":1,"7":1,"8":1,"9":1,"10":1,"11":1},"f":{"0":1},"b":{"0":[0,1],"1":[0,1]}}
,"/home/jk97/projs/s1/update_projs/learn-react/volcan-app/api-rest-volcan-app/src/validators/user_validator.ts": {"path":"/home/jk97/projs/s1/update_projs/learn-react/volcan-app/api-rest-volcan-app/src/validators/user_validator.ts","statementMap":{"0":{"start":{"line":6,"column":37},"end":{"line":38,"column":null}},"1":{"start":{"line":33,"column":28},"end":{"line":33,"column":53}},"2":{"start":{"line":34,"column":25},"end":{"line":34,"column":83}},"3":{"start":{"line":34,"column":49},"end":{"line":34,"column":82}},"4":{"start":{"line":35,"column":8},"end":{"line":35,"column":90}},"5":{"start":{"line":35,"column":23},"end":{"line":35,"column":90}},"6":{"start":{"line":36,"column":8},"end":{"line":36,"column":20}}},"fnMap":{"0":{"name":"(anonymous_0)","decl":{"start":{"line":32,"column":16},"end":{"line":32,"column":21}},"loc":{"start":{"line":32,"column":24},"end":{"line":37,"column":5}}},"1":{"name":"(anonymous_1)","decl":{"start":{"line":34,"column":42},"end":{"line":34,"column":45}},"loc":{"start":{"line":34,"column":49},"end":{"line":34,"column":82}}}},"branchMap":{"0":{"loc":{"start":{"line":35,"column":8},"end":{"line":35,"column":90}},"type":"if","locations":[{"start":{"line":35,"column":8},"end":{"line":35,"column":90}},{"start":{},"end":{}}]}},"s":{"0":1,"1":0,"2":0,"3":0,"4":0,"5":0,"6":0},"f":{"0":0,"1":0},"b":{"0":[0,0]}}
}
